<?xml version="1.0" encoding="UTF-8"?>
<testsuite xmlns:xsi="http://www.w3.org/2001/XMLSchema-instance" xsi:noNamespaceSchemaLocation="https://maven.apache.org/surefire/maven-failsafe-plugin/xsd/failsafe-test-report-3.0.xsd" version="3.0" name="starter.CucumberTestSuite" time="8.38" tests="1" errors="0" skipped="0" failures="0">
  <properties>
[...]
</properties>
  <testcase name="GET - As an admin i have be able to  get detail user" classname="User" time="4.244">
    <system-out><![CDATA[13:58:24.085 [main] DEBUG net.thucydides.core.guice.Injectors - Created injector for module net.thucydides.core.guice.ThucydidesModule
13:58:24.330 [main] DEBUG io.cucumber.core.plugin.SerenityReporter - Running feature from file:///E:/Magangs/MSIB/Stupen/Alterra/CobaRESTAssured/coba1/alta/src/test/resources/features/User.feature
13:58:24.481 [main] DEBUG net.thucydides.core.guice.Injectors - Created injector for module net.thucydides.core.guice.webdriver.WebDriverModule
13:58:24.501 [main] INFO  - 

-------------------------------------------------------------------------------------
     _______. _______ .______       _______ .__   __.  __  .___________.____    ____ 
    /       ||   ____||   _  \     |   ____||  \ |  | |  | |           |\   \  /   / 
   |   (----`|  |__   |  |_)  |    |  |__   |   \|  | |  | `---|  |----` \   \/   /  
    \   \    |   __|  |      /     |   __|  |  . `  | |  |     |  |       \_    _/   
.----)   |   |  |____ |  |\  \----.|  |____ |  |\   | |  |     |  |         |  |     
|_______/    |_______|| _| `._____||_______||__| \__| |__|     |__|         |__|    
                                                                                     
 News and tutorials at http://www.serenity-bdd.info                                  
 Documentation at https://wakaleo.gitbooks.io/the-serenity-book/content/             
 Join the Serenity Community on Gitter: https://gitter.im/serenity-bdd/serenity-core 
 Serenity BDD Support and Training at http://serenity-bdd.info/#/trainingandsupport  
-------------------------------------------------------------------------------------

13:58:24.503 [main] DEBUG net.thucydides.core.steps.StepEventBus - Test suite started for story net.thucydides.core.model.Story@4eea5d88
13:58:24.506 [main] INFO  - Test Suite Started: User
13:58:24.516 [main] DEBUG io.cucumber.core.plugin.SerenityReporter - Running feature from file:///E:/Magangs/MSIB/Stupen/Alterra/CobaRESTAssured/coba1/alta/src/test/resources/features/User.feature
13:58:24.521 [main] DEBUG net.thucydides.core.steps.StepEventBus - Test suite started for story net.thucydides.core.model.Story@4eea5d88
13:58:24.523 [main] INFO  - Test Suite Started: User

Scenario: GET - As an admin i have be able to  get detail user &amp#27;[90m# src/test/resources/features/User.feature:6&amp#27;[0m
13:58:24.600 [main] DEBUG io.cucumber.core.plugin.SerenityReporter - Running feature from file:///E:/Magangs/MSIB/Stupen/Alterra/CobaRESTAssured/coba1/alta/src/test/resources/features/User.feature
13:58:24.718 [main] INFO  - 
  _____   ___   ___   _____     ___   _____     _     ___   _____   ___   ___  
 |_   _| | __| / __| |_   _|   / __| |_   _|   /_\   | _ \ |_   _| | __| |   \ 
   | |   | _|  \__ \   | |     \__ \   | |    / _ \  |   /   | |   | _|  | |) |
   |_|   |___| |___/   |_|     |___/   |_|   /_/ \_\ |_|_\   |_|   |___| |___/ 

GET - As an admin i have be able to  get detail user(user;get---as-an-admin-i-have-be-able-to--get-detail-user)
--------------------------------------------------------------------------------
13:58:24.772 [main] DEBUG net.thucydides.core.requirements.model.cucumber.CucumberParser - Loading feature E:\Magangs\MSIB\Stupen\Alterra\CobaRESTAssured\coba1\alta\src\test\resources\features\User.feature
13:58:25.246 [main] DEBUG net.thucydides.core.steps.StepInterceptor - STARTING STEP: UserSteps.setGetApiEndpoints - I set GET api endpoints
13:58:25.248 [main] DEBUG net.thucydides.core.steps.StepInterceptor - STEP DONE: I set GET api endpoints
  &amp#27;[32mGiven &amp#27;[0m&amp#27;[32mI set GET api endpoints&amp#27;[0m                                &amp#27;[90m# starter.stepdefinitions.UserSteps.setGetApiEndpoints()&amp#27;[0m
13:58:25.264 [main] DEBUG net.thucydides.core.steps.StepInterceptor - STARTING STEP: UserSteps.sendGetHttpRequest - I send GET HTTP request
13:58:26.953 [main] DEBUG net.thucydides.core.steps.StepInterceptor - STARTING STEP: Get.sendGetHttpRequest - I set GET api endpoints
13:58:26.954 [main] DEBUG net.thucydides.core.steps.StepInterceptor - STEP DONE: I set GET api endpoints
13:58:27.642 [main] DEBUG org.apache.http.impl.conn.BasicClientConnectionManager - Get connection for route {s}->https://reqres.in:443
13:58:27.713 [main] DEBUG org.apache.http.impl.conn.DefaultClientConnectionOperator - Connecting to reqres.in:443
13:58:27.941 [main] DEBUG org.apache.http.client.protocol.RequestAddCookies - CookieSpec selected: ignoreCookies
13:58:27.942 [main] DEBUG org.apache.http.client.protocol.RequestAuthCache - Auth cache not set in the context
13:58:27.943 [main] DEBUG org.apache.http.client.protocol.RequestTargetAuthentication - Target auth state: UNCHALLENGED
13:58:27.943 [main] DEBUG org.apache.http.client.protocol.RequestProxyAuthentication - Proxy auth state: UNCHALLENGED
13:58:27.943 [main] DEBUG org.apache.http.impl.client.DefaultHttpClient - Attempt 1 to execute request
13:58:27.944 [main] DEBUG org.apache.http.impl.conn.DefaultClientConnection - Sending request: GET /api/users/2 HTTP/1.1
13:58:27.944 [main] DEBUG org.apache.http.wire -  >> "GET /api/users/2 HTTP/1.1[\r][\n]"
13:58:27.945 [main] DEBUG org.apache.http.wire -  >> "Accept: */*[\r][\n]"
13:58:27.945 [main] DEBUG org.apache.http.wire -  >> "Host: reqres.in[\r][\n]"
13:58:27.945 [main] DEBUG org.apache.http.wire -  >> "Connection: Keep-Alive[\r][\n]"
13:58:27.946 [main] DEBUG org.apache.http.wire -  >> "User-Agent: Apache-HttpClient/4.5.13 (Java/15)[\r][\n]"
13:58:27.946 [main] DEBUG org.apache.http.wire -  >> "Accept-Encoding: gzip,deflate[\r][\n]"
13:58:27.946 [main] DEBUG org.apache.http.wire -  >> "[\r][\n]"
13:58:27.946 [main] DEBUG org.apache.http.headers - >> GET /api/users/2 HTTP/1.1
13:58:27.946 [main] DEBUG org.apache.http.headers - >> Accept: */*
13:58:27.946 [main] DEBUG org.apache.http.headers - >> Host: reqres.in
13:58:27.946 [main] DEBUG org.apache.http.headers - >> Connection: Keep-Alive
13:58:27.946 [main] DEBUG org.apache.http.headers - >> User-Agent: Apache-HttpClient/4.5.13 (Java/15)
13:58:27.946 [main] DEBUG org.apache.http.headers - >> Accept-Encoding: gzip,deflate
13:58:27.986 [main] DEBUG org.apache.http.wire -  << "HTTP/1.1 200 OK[\r][\n]"
13:58:27.986 [main] DEBUG org.apache.http.wire -  << "Date: Sat, 08 Apr 2023 06:58:28 GMT[\r][\n]"
13:58:27.987 [main] DEBUG org.apache.http.wire -  << "Content-Type: application/json; charset=utf-8[\r][\n]"
13:58:27.987 [main] DEBUG org.apache.http.wire -  << "Transfer-Encoding: chunked[\r][\n]"
13:58:27.987 [main] DEBUG org.apache.http.wire -  << "Connection: keep-alive[\r][\n]"
13:58:27.987 [main] DEBUG org.apache.http.wire -  << "X-Powered-By: Express[\r][\n]"
13:58:27.987 [main] DEBUG org.apache.http.wire -  << "Access-Control-Allow-Origin: *[\r][\n]"
13:58:27.987 [main] DEBUG org.apache.http.wire -  << "Etag: W/"118-pbdwwFo9SKNhD3Lx5iHJyngpq00"[\r][\n]"
13:58:27.987 [main] DEBUG org.apache.http.wire -  << "Via: 1.1 vegur[\r][\n]"
13:58:27.987 [main] DEBUG org.apache.http.wire -  << "Cache-Control: max-age=14400[\r][\n]"
13:58:27.987 [main] DEBUG org.apache.http.wire -  << "CF-Cache-Status: HIT[\r][\n]"
13:58:27.987 [main] DEBUG org.apache.http.wire -  << "Age: 268[\r][\n]"
13:58:27.987 [main] DEBUG org.apache.http.wire -  << "Report-To: {"endpoints":[{"url":"https:\/\/a.nel.cloudflare.com\/report\/v3?s=mZAq0HF1qrcmyOjuIy1CgcelxBkgKZ%2BRSlzIJVVLglZP3H8BeLYGKU28avS3%2BtzYzfwIS9GhZSlkh9%2FVgnMcSCL5QbHWETOBD2NtnI66oh8nVaN9NXJCfd48pQ%3D%3D"}],"group":"cf-nel","max_age":604800}[\r][\n]"
13:58:27.987 [main] DEBUG org.apache.http.wire -  << "NEL: {"success_fraction":0,"report_to":"cf-nel","max_age":604800}[\r][\n]"
13:58:27.987 [main] DEBUG org.apache.http.wire -  << "Vary: Accept-Encoding[\r][\n]"
13:58:27.987 [main] DEBUG org.apache.http.wire -  << "Server: cloudflare[\r][\n]"
13:58:27.987 [main] DEBUG org.apache.http.wire -  << "CF-RAY: 7b489f3d8e8e3dbf-SIN[\r][\n]"
13:58:27.987 [main] DEBUG org.apache.http.wire -  << "Content-Encoding: gzip[\r][\n]"
13:58:27.987 [main] DEBUG org.apache.http.wire -  << "[\r][\n]"
13:58:27.988 [main] DEBUG org.apache.http.impl.conn.DefaultClientConnection - Receiving response: HTTP/1.1 200 OK
13:58:27.988 [main] DEBUG org.apache.http.headers - << HTTP/1.1 200 OK
13:58:27.988 [main] DEBUG org.apache.http.headers - << Date: Sat, 08 Apr 2023 06:58:28 GMT
13:58:27.988 [main] DEBUG org.apache.http.headers - << Content-Type: application/json; charset=utf-8
13:58:27.988 [main] DEBUG org.apache.http.headers - << Transfer-Encoding: chunked
13:58:27.988 [main] DEBUG org.apache.http.headers - << Connection: keep-alive
13:58:27.989 [main] DEBUG org.apache.http.headers - << X-Powered-By: Express
13:58:27.989 [main] DEBUG org.apache.http.headers - << Access-Control-Allow-Origin: *
13:58:27.989 [main] DEBUG org.apache.http.headers - << Etag: W/"118-pbdwwFo9SKNhD3Lx5iHJyngpq00"
13:58:27.989 [main] DEBUG org.apache.http.headers - << Via: 1.1 vegur
13:58:27.989 [main] DEBUG org.apache.http.headers - << Cache-Control: max-age=14400
13:58:27.989 [main] DEBUG org.apache.http.headers - << CF-Cache-Status: HIT
13:58:27.989 [main] DEBUG org.apache.http.headers - << Age: 268
13:58:27.989 [main] DEBUG org.apache.http.headers - << Report-To: {"endpoints":[{"url":"https:\/\/a.nel.cloudflare.com\/report\/v3?s=mZAq0HF1qrcmyOjuIy1CgcelxBkgKZ%2BRSlzIJVVLglZP3H8BeLYGKU28avS3%2BtzYzfwIS9GhZSlkh9%2FVgnMcSCL5QbHWETOBD2NtnI66oh8nVaN9NXJCfd48pQ%3D%3D"}],"group":"cf-nel","max_age":604800}
13:58:27.989 [main] DEBUG org.apache.http.headers - << NEL: {"success_fraction":0,"report_to":"cf-nel","max_age":604800}
13:58:27.989 [main] DEBUG org.apache.http.headers - << Vary: Accept-Encoding
13:58:27.989 [main] DEBUG org.apache.http.headers - << Server: cloudflare
13:58:27.989 [main] DEBUG org.apache.http.headers - << CF-RAY: 7b489f3d8e8e3dbf-SIN
13:58:27.989 [main] DEBUG org.apache.http.headers - << Content-Encoding: gzip
13:58:27.993 [main] DEBUG org.apache.http.impl.client.DefaultHttpClient - Connection can be kept alive indefinitely
13:58:27.997 [main] DEBUG io.restassured.internal.RestAssuredHttpBuilder - Parsing response as: application/json; charset=utf-8
13:58:27.997 [main] DEBUG org.apache.http.wire -  << "d0[\r][\n]"
13:58:27.997 [main] DEBUG org.apache.http.wire -  << "[0x1f][0x8b][0x8][0x0][0x0][0x0][0x0][0x0][0x0][0x3]m[0x8e][0xb1]j[0xc3]0[0x14]EE[0xbd]Y[0x15][0x1b]2j[0xea][0xdc]1[0x14]:[0x96]W[0xfb][0xda]QjK[0xca][0xd3][0xb3][0x13][0x8][0xfe][0xf7][0x92]R[0xda][0xa5][0xeb][0xe5][0x9c][0xc3][0xbd][0xa3][0x17][0x13][0x84];b[0x8f]p[0xf0][0xe0],qB[0xc0]Y[0x12][0xad][0xb9]RV[0xea][0xb3][0xf2][0xa2][0xac]ML[0xf0][0x18][0xa2]V{O2[0x13][0x1]/[0xf][\n]"
13:58:27.997 [main] DEBUG org.apache.http.wire -  << "[0x1e][0x93][0xfc]mo[0xdf][0xe]<d[0x15][0x13]E[0xc0][0xc9][0xac][0xd4][0xd0][0xb6][0xbf][0x99]6[0xce]c;H[0xc7][0xda][0x1e][0xf6]q[0x96][0x91][0xcd][0xb9][0x8c][0xd8]<[0xea]RJV{[0x1c]Zt[0xfa][0xd7][0xdd][0xfd]0[0xfb][0x13][0xa5][0x8f]i[0x84][0x87][0xf1]f[0x8]x[0xcd][0xee][0x93],[0xee][0xc8][0xcb][0x91][0xd5][\r]Jz[0xd7][0xe5]d[0x1a]?[0x16][0x8b]9Ug[0xf9]*[0xda]WW[0xa9]+[0xd5]u[0xb9]Zu[0xa2]tR[0x8a][0xb2][0x8b]b[0xec][0x9f][0xb0]m_[0xb][0x8c][0xc5][0xb5][0x18][0x1][0x0][0x0]"
13:58:27.997 [main] DEBUG org.apache.http.wire -  << "[\r][\n]"
13:58:27.998 [main] DEBUG org.apache.http.wire -  << "0[\r][\n]"
13:58:27.998 [main] DEBUG org.apache.http.wire -  << "[\r][\n]"
13:58:27.998 [main] DEBUG io.restassured.internal.RestAssuredHttpBuilder - Parsed data to instance of: class org.apache.http.conn.EofSensorInputStream
13:58:28.039 [main] DEBUG org.apache.http.impl.conn.BasicClientConnectionManager - Releasing connection org.apache.http.impl.conn.ManagedClientConnectionImpl@44a14de0
13:58:28.040 [main] DEBUG org.apache.http.impl.conn.BasicClientConnectionManager - Connection can be kept alive indefinitely
13:58:28.070 [main] DEBUG net.thucydides.core.steps.StepInterceptor - STEP DONE: I send GET HTTP request
  &amp#27;[32mWhen &amp#27;[0m&amp#27;[32mI send GET HTTP request&amp#27;[0m                                 &amp#27;[90m# starter.stepdefinitions.UserSteps.sendGetHttpRequest()&amp#27;[0m
13:58:28.076 [main] DEBUG net.thucydides.core.steps.StepInterceptor - STARTING STEP: UserSteps.receiveValidHttpResponse - I receive valid HTTP response code 200
13:58:28.098 [main] DEBUG net.thucydides.core.steps.StepInterceptor - STEP DONE: I receive valid HTTP response code 200
  &amp#27;[32mThen &amp#27;[0m&amp#27;[32mI receive valid HTTP response code 200&amp#27;[0m                  &amp#27;[90m# starter.stepdefinitions.UserSteps.receiveValidHttpResponse()&amp#27;[0m
13:58:28.108 [main] DEBUG net.thucydides.core.steps.StepInterceptor - STARTING STEP: UserSteps.receiveValidDataForDetailUser - I receive valid data for detail user
13:58:28.758 [main] DEBUG net.thucydides.core.steps.StepInterceptor - STEP DONE: I receive valid data for detail user
  &amp#27;[32mAnd &amp#27;[0m&amp#27;[32mI receive valid data for detail user&amp#27;[0m                     &amp#27;[90m# starter.stepdefinitions.UserSteps.receiveValidDataForDetailUser()&amp#27;[0m
13:58:28.765 [main] INFO  - 
  _____   ___   ___   _____     ___     _     ___   ___   ___   ___  
 |_   _| | __| / __| |_   _|   | _ \   /_\   / __| / __| | __| |   \ 
   | |   | _|  \__ \   | |     |  _/  / _ \  \__ \ \__ \ | _|  | |) |
   |_|   |___| |___/   |_|     |_|   /_/ \_\ |___/ |___/ |___| |___/ 

GET - As an admin i have be able to  get detail user
----------------------------------------------------------------------
]]></system-out>
  </testcase>
</testsuite>